<?xml version="1.0" encoding="UTF-8"?>
<testsuite name="WallServiceTest" tests="2" skipped="0" failures="0" errors="0" timestamp="2022-04-26T20:01:18" hostname="DESKTOP-H13KJDD" time="0.31">
  <properties/>
  <testcase name="update" classname="WallServiceTest" time="0.308"/>
  <testcase name="add" classname="WallServiceTest" time="0.001"/>
  <system-out><![CDATA[]]></system-out>
  <system-err><![CDATA[]]></system-err>
</testsuite>
